#
# There is insufficient memory for the Java Runtime Environment to continue.
# Native memory allocation (mmap) failed to map 87031808 bytes for committing reserved memory.
# Possible reasons:
#   The system is out of physical RAM or swap space
#   In 32 bit mode, the process size limit was hit
# Possible solutions:
#   Reduce memory load on the system
#   Increase physical memory or swap space
#   Check if swap backing store is full
#   Use 64 bit Java on a 64 bit OS
#   Decrease Java heap size (-Xmx/-Xms)
#   Decrease number of Java threads
#   Decrease Java thread stack sizes (-Xss)
#   Set larger code cache with -XX:ReservedCodeCacheSize=
# This output file may be truncated or incomplete.
#
#  Out of Memory Error (os_linux.cpp:2630), pid=15939, tid=139888300795648
#
# JRE version:  (8.0_77-b03) (build )
# Java VM: OpenJDK 64-Bit Server VM (25.77-b03 mixed mode linux-amd64 compressed oops)
# Failed to write core dump. Core dumps have been disabled. To enable core dumping, try "ulimit -c unlimited" before starting Java again
#

---------------  T H R E A D  ---------------

Current thread (0x00007f3a4000a800):  JavaThread "Unknown thread" [_thread_in_vm, id=15947, stack(0x00007f3a486a2000,0x00007f3a487a3000)]

Stack: [0x00007f3a486a2000,0x00007f3a487a3000],  sp=0x00007f3a487a1630,  free space=1021k
Native frames: (J=compiled Java code, j=interpreted, Vv=VM code, C=native code)
V  [libjvm.so+0xa5b7cb]
V  [libjvm.so+0x4c0a0c]
V  [libjvm.so+0x8acdb0]
V  [libjvm.so+0x8a722e]
V  [libjvm.so+0x920e86]
V  [libjvm.so+0x911993]
V  [libjvm.so+0x2acc61]
V  [libjvm.so+0x8d20d9]
V  [libjvm.so+0xa1f209]
V  [libjvm.so+0xa1f572]
V  [libjvm.so+0x60af0f]
V  [libjvm.so+0xa04d1a]
V  [libjvm.so+0x684c52]  JNI_CreateJavaVM+0x62
C  [libjli.so+0x2f2e]
C  [libjli.so+0x73cd]
C  [libpthread.so.0+0x76fa]  start_thread+0xca


---------------  P R O C E S S  ---------------

Java Threads: ( => current thread )

Other Threads:

=>0x00007f3a4000a800 (exited) JavaThread "Unknown thread" [_thread_in_vm, id=15947, stack(0x00007f3a486a2000,0x00007f3a487a3000)]

VM state:not at safepoint (not fully initialized)

VM Mutex/Monitor currently owned by a thread: None

GC Heap History (0 events):
No events

Deoptimization events (0 events):
No events

Internal exceptions (0 events):
No events

Events (0 events):
No events


Dynamic libraries:
00400000-00401000 r-xp 00000000 08:08 11933152                           /usr/lib/jvm/java-8-openjdk-amd64/jre/bin/java
00600000-00601000 r--p 00000000 08:08 11933152                           /usr/lib/jvm/java-8-openjdk-amd64/jre/bin/java
00601000-00602000 rw-p 00001000 08:08 11933152                           /usr/lib/jvm/java-8-openjdk-amd64/jre/bin/java
016d1000-016f2000 rw-p 00000000 00:00 0                                  [heap]
89900000-d6d00000 ---p 00000000 00:00 0 
d6d00000-d9600000 rw-p 00000000 00:00 0 
d9600000-100000000 ---p 00000000 00:00 0 
7f3a31000000-7f3a31270000 rwxp 00000000 00:00 0 
7f3a31270000-7f3a40000000 ---p 00000000 00:00 0 
7f3a40000000-7f3a40032000 rw-p 00000000 00:00 0 
7f3a40032000-7f3a44000000 ---p 00000000 00:00 0 
7f3a4498f000-7f3a44c22000 ---p 00000000 00:00 0 
7f3a44c22000-7f3a44c37000 rw-p 00000000 00:00 0 
7f3a44c37000-7f3a44d6c000 ---p 00000000 00:00 0 
7f3a44d6c000-7f3a44d77000 rw-p 00000000 00:00 0 
7f3a44d77000-7f3a4512d000 ---p 00000000 00:00 0 
7f3a4512d000-7f3a45135000 r-xp 00000000 08:08 11937461                   /usr/lib/jvm/java-8-openjdk-amd64/jre/lib/amd64/libzip.so
7f3a45135000-7f3a45334000 ---p 00008000 08:08 11937461                   /usr/lib/jvm/java-8-openjdk-amd64/jre/lib/amd64/libzip.so
7f3a45334000-7f3a45335000 r--p 00007000 08:08 11937461                   /usr/lib/jvm/java-8-openjdk-amd64/jre/lib/amd64/libzip.so
7f3a45335000-7f3a45336000 rw-p 00008000 08:08 11937461                   /usr/lib/jvm/java-8-openjdk-amd64/jre/lib/amd64/libzip.so
7f3a45336000-7f3a45341000 r-xp 00000000 08:08 11018067                   /lib/x86_64-linux-gnu/libnss_files-2.23.so
7f3a45341000-7f3a45540000 ---p 0000b000 08:08 11018067                   /lib/x86_64-linux-gnu/libnss_files-2.23.so
7f3a45540000-7f3a45541000 r--p 0000a000 08:08 11018067                   /lib/x86_64-linux-gnu/libnss_files-2.23.so
7f3a45541000-7f3a45542000 rw-p 0000b000 08:08 11018067                   /lib/x86_64-linux-gnu/libnss_files-2.23.so
7f3a45542000-7f3a45548000 rw-p 00000000 00:00 0 
7f3a45548000-7f3a45553000 r-xp 00000000 08:08 11018064                   /lib/x86_64-linux-gnu/libnss_nis-2.23.so
7f3a45553000-7f3a45752000 ---p 0000b000 08:08 11018064                   /lib/x86_64-linux-gnu/libnss_nis-2.23.so
7f3a45752000-7f3a45753000 r--p 0000a000 08:08 11018064                   /lib/x86_64-linux-gnu/libnss_nis-2.23.so
7f3a45753000-7f3a45754000 rw-p 0000b000 08:08 11018064                   /lib/x86_64-linux-gnu/libnss_nis-2.23.so
7f3a45754000-7f3a4576a000 r-xp 00000000 08:08 11018062                   /lib/x86_64-linux-gnu/libnsl-2.23.so
7f3a4576a000-7f3a45969000 ---p 00016000 08:08 11018062                   /lib/x86_64-linux-gnu/libnsl-2.23.so
7f3a45969000-7f3a4596a000 r--p 00015000 08:08 11018062                   /lib/x86_64-linux-gnu/libnsl-2.23.so
7f3a4596a000-7f3a4596b000 rw-p 00016000 08:08 11018062                   /lib/x86_64-linux-gnu/libnsl-2.23.so
7f3a4596b000-7f3a4596d000 rw-p 00000000 00:00 0 
7f3a4596d000-7f3a45975000 r-xp 00000000 08:08 11018055                   /lib/x86_64-linux-gnu/libnss_compat-2.23.so
7f3a45975000-7f3a45b74000 ---p 00008000 08:08 11018055                   /lib/x86_64-linux-gnu/libnss_compat-2.23.so
7f3a45b74000-7f3a45b75000 r--p 00007000 08:08 11018055                   /lib/x86_64-linux-gnu/libnss_compat-2.23.so
7f3a45b75000-7f3a45b76000 rw-p 00008000 08:08 11018055                   /lib/x86_64-linux-gnu/libnss_compat-2.23.so
7f3a45b76000-7f3a45ba3000 r-xp 00000000 08:08 11933616                   /usr/lib/jvm/java-8-openjdk-amd64/jre/lib/amd64/libjava.so
7f3a45ba3000-7f3a45da2000 ---p 0002d000 08:08 11933616                   /usr/lib/jvm/java-8-openjdk-amd64/jre/lib/amd64/libjava.so
7f3a45da2000-7f3a45da3000 r--p 0002c000 08:08 11933616                   /usr/lib/jvm/java-8-openjdk-amd64/jre/lib/amd64/libjava.so
7f3a45da3000-7f3a45da5000 rw-p 0002d000 08:08 11933616                   /usr/lib/jvm/java-8-openjdk-amd64/jre/lib/amd64/libjava.so
7f3a45da5000-7f3a45db4000 r-xp 00000000 08:08 11933655                   /usr/lib/jvm/java-8-openjdk-amd64/jre/lib/amd64/libverify.so
7f3a45db4000-7f3a45fb3000 ---p 0000f000 08:08 11933655                   /usr/lib/jvm/java-8-openjdk-amd64/jre/lib/amd64/libverify.so
7f3a45fb3000-7f3a45fb5000 r--p 0000e000 08:08 11933655                   /usr/lib/jvm/java-8-openjdk-amd64/jre/lib/amd64/libverify.so
7f3a45fb5000-7f3a45fb6000 rw-p 00010000 08:08 11933655                   /usr/lib/jvm/java-8-openjdk-amd64/jre/lib/amd64/libverify.so
7f3a45fb6000-7f3a45fbd000 r-xp 00000000 08:08 11018076                   /lib/x86_64-linux-gnu/librt-2.23.so
7f3a45fbd000-7f3a461bc000 ---p 00007000 08:08 11018076                   /lib/x86_64-linux-gnu/librt-2.23.so
7f3a461bc000-7f3a461bd000 r--p 00006000 08:08 11018076                   /lib/x86_64-linux-gnu/librt-2.23.so
7f3a461bd000-7f3a461be000 rw-p 00007000 08:08 11018076                   /lib/x86_64-linux-gnu/librt-2.23.so
7f3a461be000-7f3a461d4000 r-xp 00000000 08:08 11014191                   /lib/x86_64-linux-gnu/libgcc_s.so.1
7f3a461d4000-7f3a463d3000 ---p 00016000 08:08 11014191                   /lib/x86_64-linux-gnu/libgcc_s.so.1
7f3a463d3000-7f3a463d4000 rw-p 00015000 08:08 11014191                   /lib/x86_64-linux-gnu/libgcc_s.so.1
7f3a463d4000-7f3a464dc000 r-xp 00000000 08:08 11018073                   /lib/x86_64-linux-gnu/libm-2.23.so
7f3a464dc000-7f3a466db000 ---p 00108000 08:08 11018073                   /lib/x86_64-linux-gnu/libm-2.23.so
7f3a466db000-7f3a466dc000 r--p 00107000 08:08 11018073                   /lib/x86_64-linux-gnu/libm-2.23.so
7f3a466dc000-7f3a466dd000 rw-p 00108000 08:08 11018073                   /lib/x86_64-linux-gnu/libm-2.23.so
7f3a466dd000-7f3a4684f000 r-xp 00000000 08:08 11798455                   /usr/lib/x86_64-linux-gnu/libstdc++.so.6.0.21
7f3a4684f000-7f3a46a4f000 ---p 00172000 08:08 11798455                   /usr/lib/x86_64-linux-gnu/libstdc++.so.6.0.21
7f3a46a4f000-7f3a46a59000 r--p 00172000 08:08 11798455                   /usr/lib/x86_64-linux-gnu/libstdc++.so.6.0.21
7f3a46a59000-7f3a46a5b000 rw-p 0017c000 08:08 11798455                   /usr/lib/x86_64-linux-gnu/libstdc++.so.6.0.21
7f3a46a5b000-7f3a46a5f000 rw-p 00000000 00:00 0 
7f3a46a5f000-7f3a476a3000 r-xp 00000000 08:08 1317858                    /usr/lib/jvm/java-8-openjdk-amd64/jre/lib/amd64/server/libjvm.so
7f3a476a3000-7f3a478a2000 ---p 00c44000 08:08 1317858                    /usr/lib/jvm/java-8-openjdk-amd64/jre/lib/amd64/server/libjvm.so
7f3a478a2000-7f3a47935000 r--p 00c43000 08:08 1317858                    /usr/lib/jvm/java-8-openjdk-amd64/jre/lib/amd64/server/libjvm.so
7f3a47935000-7f3a4795d000 rw-p 00cd6000 08:08 1317858                    /usr/lib/jvm/java-8-openjdk-amd64/jre/lib/amd64/server/libjvm.so
7f3a4795d000-7f3a4798c000 rw-p 00000000 00:00 0 
7f3a4798c000-7f3a479a4000 r-xp 00000000 08:08 11018080                   /lib/x86_64-linux-gnu/libpthread-2.23.so
7f3a479a4000-7f3a47ba3000 ---p 00018000 08:08 11018080                   /lib/x86_64-linux-gnu/libpthread-2.23.so
7f3a47ba3000-7f3a47ba4000 r--p 00017000 08:08 11018080                   /lib/x86_64-linux-gnu/libpthread-2.23.so
7f3a47ba4000-7f3a47ba5000 rw-p 00018000 08:08 11018080                   /lib/x86_64-linux-gnu/libpthread-2.23.so
7f3a47ba5000-7f3a47ba9000 rw-p 00000000 00:00 0 
7f3a47ba9000-7f3a47bac000 r-xp 00000000 08:08 11018082                   /lib/x86_64-linux-gnu/libdl-2.23.so
7f3a47bac000-7f3a47dab000 ---p 00003000 08:08 11018082                   /lib/x86_64-linux-gnu/libdl-2.23.so
7f3a47dab000-7f3a47dac000 r--p 00002000 08:08 11018082                   /lib/x86_64-linux-gnu/libdl-2.23.so
7f3a47dac000-7f3a47dad000 rw-p 00003000 08:08 11018082                   /lib/x86_64-linux-gnu/libdl-2.23.so
7f3a47dad000-7f3a47dc6000 r-xp 00000000 08:08 11014674                   /lib/x86_64-linux-gnu/libz.so.1.2.8
7f3a47dc6000-7f3a47fc5000 ---p 00019000 08:08 11014674                   /lib/x86_64-linux-gnu/libz.so.1.2.8
7f3a47fc5000-7f3a47fc6000 r--p 00018000 08:08 11014674                   /lib/x86_64-linux-gnu/libz.so.1.2.8
7f3a47fc6000-7f3a47fc7000 rw-p 00019000 08:08 11014674                   /lib/x86_64-linux-gnu/libz.so.1.2.8
7f3a47fc7000-7f3a48187000 r-xp 00000000 08:08 11018081                   /lib/x86_64-linux-gnu/libc-2.23.so
7f3a48187000-7f3a48386000 ---p 001c0000 08:08 11018081                   /lib/x86_64-linux-gnu/libc-2.23.so
7f3a48386000-7f3a4838a000 r--p 001bf000 08:08 11018081                   /lib/x86_64-linux-gnu/libc-2.23.so
7f3a4838a000-7f3a4838c000 rw-p 001c3000 08:08 11018081                   /lib/x86_64-linux-gnu/libc-2.23.so
7f3a4838c000-7f3a48390000 rw-p 00000000 00:00 0 
7f3a48390000-7f3a4839d000 r-xp 00000000 08:08 11937475                   /usr/lib/jvm/java-8-openjdk-amd64/jre/lib/amd64/jli/libjli.so
7f3a4839d000-7f3a4859d000 ---p 0000d000 08:08 11937475                   /usr/lib/jvm/java-8-openjdk-amd64/jre/lib/amd64/jli/libjli.so
7f3a4859d000-7f3a4859e000 r--p 0000d000 08:08 11937475                   /usr/lib/jvm/java-8-openjdk-amd64/jre/lib/amd64/jli/libjli.so
7f3a4859e000-7f3a4859f000 rw-p 0000e000 08:08 11937475                   /usr/lib/jvm/java-8-openjdk-amd64/jre/lib/amd64/jli/libjli.so
7f3a4859f000-7f3a485c5000 r-xp 00000000 08:08 11018077                   /lib/x86_64-linux-gnu/ld-2.23.so
7f3a486a2000-7f3a486a5000 ---p 00000000 00:00 0 
7f3a486a5000-7f3a487a8000 rw-p 00000000 00:00 0 
7f3a487b8000-7f3a487c0000 rw-s 00000000 08:08 4591049                    /tmp/hsperfdata_hduser/15939
7f3a487c0000-7f3a487c1000 rw-p 00000000 00:00 0 
7f3a487c1000-7f3a487c2000 r--p 00000000 00:00 0 
7f3a487c2000-7f3a487c4000 rw-p 00000000 00:00 0 
7f3a487c4000-7f3a487c5000 r--p 00025000 08:08 11018077                   /lib/x86_64-linux-gnu/ld-2.23.so
7f3a487c5000-7f3a487c6000 rw-p 00026000 08:08 11018077                   /lib/x86_64-linux-gnu/ld-2.23.so
7f3a487c6000-7f3a487c7000 rw-p 00000000 00:00 0 
7ffe690e9000-7ffe6910a000 rw-p 00000000 00:00 0                          [stack]
7ffe691ef000-7ffe691f1000 r--p 00000000 00:00 0                          [vvar]
7ffe691f1000-7ffe691f3000 r-xp 00000000 00:00 0                          [vdso]
ffffffffff600000-ffffffffff601000 r-xp 00000000 00:00 0                  [vsyscall]

VM Arguments:
jvm_args: -Dfile.encoding=UTF-8 
java_command: org.apache.cassandra.tableoperations.CreatingTable
java_class_path (initial): /home/hduser/Documents/Cassandra/Cassandra/target/classes:/home/hduser/.m2/repository/org/slf4j/slf4j-api/1.7.21/slf4j-api-1.7.21.jar:/home/hduser/.m2/repository/com/datastax/cassandra/cassandra-driver-core/3.0.0/cassandra-driver-core-3.0.0.jar:/home/hduser/.m2/repository/io/netty/netty-handler/4.0.33.Final/netty-handler-4.0.33.Final.jar:/home/hduser/.m2/repository/io/netty/netty-buffer/4.0.33.Final/netty-buffer-4.0.33.Final.jar:/home/hduser/.m2/repository/io/netty/netty-common/4.0.33.Final/netty-common-4.0.33.Final.jar:/home/hduser/.m2/repository/io/netty/netty-transport/4.0.33.Final/netty-transport-4.0.33.Final.jar:/home/hduser/.m2/repository/io/netty/netty-codec/4.0.33.Final/netty-codec-4.0.33.Final.jar:/home/hduser/.m2/repository/io/dropwizard/metrics/metrics-core/3.1.2/metrics-core-3.1.2.jar:/home/hduser/.m2/repository/com/google/guava/guava/19.0/guava-19.0.jar:/home/hduser/.m2/repository/com/codahale/metrics/metrics-core/3.0.2/metrics-core-3.0.2.jar:/home/hduser/.m2/repository/io/netty/netty/4.0.0.Alpha8/netty-4.0.0.Alpha8.jar
Launcher Type: SUN_STANDARD

Environment Variables:
PATH=/usr/local/sbin:/usr/local/bin:/usr/sbin:/usr/bin:/sbin:/bin:/usr/games:/usr/local/games:/snap/bin
SHELL=/bin/bash
DISPLAY=:0

Signal Handlers:
SIGSEGV: [libjvm.so+0xa5c320], sa_mask[0]=11111111011111111101111111111110, sa_flags=SA_RESTART|SA_SIGINFO
SIGBUS: [libjvm.so+0xa5c320], sa_mask[0]=11111111011111111101111111111110, sa_flags=SA_RESTART|SA_SIGINFO
SIGFPE: [libjvm.so+0x8a83d0], sa_mask[0]=11111111011111111101111111111110, sa_flags=SA_RESTART|SA_SIGINFO
SIGPIPE: [libjvm.so+0x8a83d0], sa_mask[0]=11111111011111111101111111111110, sa_flags=SA_RESTART|SA_SIGINFO
SIGXFSZ: [libjvm.so+0x8a83d0], sa_mask[0]=11111111011111111101111111111110, sa_flags=SA_RESTART|SA_SIGINFO
SIGILL: [libjvm.so+0x8a83d0], sa_mask[0]=11111111011111111101111111111110, sa_flags=SA_RESTART|SA_SIGINFO
SIGUSR1: SIG_DFL, sa_mask[0]=00000000000000000000000000000000, sa_flags=none
SIGUSR2: [libjvm.so+0x8a8280], sa_mask[0]=00100000000000000000000000000000, sa_flags=SA_RESTART|SA_SIGINFO
SIGHUP: SIG_DFL, sa_mask[0]=00000000000000000000000000000000, sa_flags=none
SIGINT: SIG_DFL, sa_mask[0]=00000000000000000000000000000000, sa_flags=none
SIGTERM: SIG_DFL, sa_mask[0]=00000000000000000000000000000000, sa_flags=none
SIGQUIT: SIG_DFL, sa_mask[0]=00000000000000000000000000000000, sa_flags=none


---------------  S Y S T E M  ---------------

OS:DISTRIB_ID=Ubuntu
DISTRIB_RELEASE=16.04
DISTRIB_CODENAME=xenial
DISTRIB_DESCRIPTION="Ubuntu 16.04 LTS"

uname:Linux 4.4.0-21-generic #37-Ubuntu SMP Mon Apr 18 18:33:37 UTC 2016 x86_64
libc:glibc 2.23 NPTL 2.23 
rlimit: STACK 8192k, CORE 0k, NPROC 31178, NOFILE 65536, AS infinity
load average:4.38 10.32 8.61

/proc/meminfo:
MemTotal:        8096592 kB
MemFree:           57964 kB
MemAvailable:      80184 kB
Buffers:            1196 kB
Cached:           478020 kB
SwapCached:            0 kB
Active:          7395820 kB
Inactive:         421916 kB
Active(anon):    7377536 kB
Inactive(anon):   407816 kB
Active(file):      18284 kB
Inactive(file):    14100 kB
Unevictable:         140 kB
Mlocked:             140 kB
SwapTotal:             0 kB
SwapFree:              0 kB
Dirty:               308 kB
Writeback:             0 kB
AnonPages:       7340112 kB
Mapped:           160164 kB
Shmem:            445380 kB
Slab:              78576 kB
SReclaimable:      32184 kB
SUnreclaim:        46392 kB
KernelStack:       20656 kB
PageTables:        63344 kB
NFS_Unstable:          0 kB
Bounce:                0 kB
WritebackTmp:          0 kB
CommitLimit:     4048296 kB
Committed_AS:   17297792 kB
VmallocTotal:   34359738367 kB
VmallocUsed:           0 kB
VmallocChunk:          0 kB
HardwareCorrupted:     0 kB
AnonHugePages:   4861952 kB
CmaTotal:              0 kB
CmaFree:               0 kB
HugePages_Total:       0
HugePages_Free:        0
HugePages_Rsvd:        0
HugePages_Surp:        0
Hugepagesize:       2048 kB
DirectMap4k:      149248 kB
DirectMap2M:     7112704 kB
DirectMap1G:     2097152 kB


CPU:total 4 (2 cores per cpu, 2 threads per core) family 6 model 69 stepping 1, cmov, cx8, fxsr, mmx, sse, sse2, sse3, ssse3, sse4.1, sse4.2, popcnt, avx, avx2, aes, clmul, erms, lzcnt, ht, tsc, tscinvbit, bmi1, bmi2

/proc/cpuinfo:
processor	: 0
vendor_id	: GenuineIntel
cpu family	: 6
model		: 69
model name	: Intel(R) Core(TM) i5-4210U CPU @ 1.70GHz
stepping	: 1
microcode	: 0x1d
cpu MHz		: 1928.250
cache size	: 3072 KB
physical id	: 0
siblings	: 4
core id		: 0
cpu cores	: 2
apicid		: 0
initial apicid	: 0
fpu		: yes
fpu_exception	: yes
cpuid level	: 13
wp		: yes
flags		: fpu vme de pse tsc msr pae mce cx8 apic sep mtrr pge mca cmov pat pse36 clflush dts acpi mmx fxsr sse sse2 ss ht tm pbe syscall nx pdpe1gb rdtscp lm constant_tsc arch_perfmon pebs bts rep_good nopl xtopology nonstop_tsc aperfmperf eagerfpu pni pclmulqdq dtes64 monitor ds_cpl vmx est tm2 ssse3 sdbg fma cx16 xtpr pdcm pcid sse4_1 sse4_2 movbe popcnt tsc_deadline_timer aes xsave avx f16c rdrand lahf_lm abm epb tpr_shadow vnmi flexpriority ept vpid fsgsbase tsc_adjust bmi1 avx2 smep bmi2 erms invpcid xsaveopt dtherm ida arat pln pts
bugs		:
bogomips	: 4788.84
clflush size	: 64
cache_alignment	: 64
address sizes	: 39 bits physical, 48 bits virtual
power management:

processor	: 1
vendor_id	: GenuineIntel
cpu family	: 6
model		: 69
model name	: Intel(R) Core(TM) i5-4210U CPU @ 1.70GHz
stepping	: 1
microcode	: 0x1d
cpu MHz		: 1735.687
cache size	: 3072 KB
physical id	: 0
siblings	: 4
core id		: 0
cpu cores	: 2
apicid		: 1
initial apicid	: 1
fpu		: yes
fpu_exception	: yes
cpuid level	: 13
wp		: yes
flags		: fpu vme de pse tsc msr pae mce cx8 apic sep mtrr pge mca cmov pat pse36 clflush dts acpi mmx fxsr sse sse2 ss ht tm pbe syscall nx pdpe1gb rdtscp lm constant_tsc arch_perfmon pebs bts rep_good nopl xtopology nonstop_tsc aperfmperf eagerfpu pni pclmulqdq dtes64 monitor ds_cpl vmx est tm2 ssse3 sdbg fma cx16 xtpr pdcm pcid sse4_1 sse4_2 movbe popcnt tsc_deadline_timer aes xsave avx f16c rdrand lahf_lm abm epb tpr_shadow vnmi flexpriority ept vpid fsgsbase tsc_adjust bmi1 avx2 smep bmi2 erms invpcid xsaveopt dtherm ida arat pln pts
bugs		:
bogomips	: 4788.84
clflush size	: 64
cache_alignment	: 64
address sizes	: 39 bits physical, 48 bits virtual
power management:

processor	: 2
vendor_id	: GenuineIntel
cpu family	: 6
model		: 69
model name	: Intel(R) Core(TM) i5-4210U CPU @ 1.70GHz
stepping	: 1
microcode	: 0x1d
cpu MHz		: 1983.093
cache size	: 3072 KB
physical id	: 0
siblings	: 4
core id		: 1
cpu cores	: 2
apicid		: 2
initial apicid	: 2
fpu		: yes
fpu_exception	: yes
cpuid level	: 13
wp		: yes
flags		: fpu vme de pse tsc msr pae mce cx8 apic sep mtrr pge mca cmov pat pse36 clflush dts acpi mmx fxsr sse sse2 ss ht tm pbe syscall nx pdpe1gb rdtscp lm constant_tsc arch_perfmon pebs bts rep_good nopl xtopology nonstop_tsc aperfmperf eagerfpu pni pclmulqdq dtes64 monitor ds_cpl vmx est tm2 ssse3 sdbg fma cx16 xtpr pdcm pcid sse4_1 sse4_2 movbe popcnt tsc_deadline_timer aes xsave avx f16c rdrand lahf_lm abm epb tpr_shadow vnmi flexpriority ept vpid fsgsbase tsc_adjust bmi1 avx2 smep bmi2 erms invpcid xsaveopt dtherm ida arat pln pts
bugs		:
bogomips	: 4788.84
clflush size	: 64
cache_alignment	: 64
address sizes	: 39 bits physical, 48 bits virtual
power management:

processor	: 3
vendor_id	: GenuineIntel
cpu family	: 6
model		: 69
model name	: Intel(R) Core(TM) i5-4210U CPU @ 1.70GHz
stepping	: 1
microcode	: 0x1d
cpu MHz		: 2216.156
cache size	: 3072 KB
physical id	: 0
siblings	: 4
core id		: 1
cpu cores	: 2
apicid		: 3
initial apicid	: 3
fpu		: yes
fpu_exception	: yes
cpuid level	: 13
wp		: yes
flags		: fpu vme de pse tsc msr pae mce cx8 apic sep mtrr pge mca cmov pat pse36 clflush dts acpi mmx fxsr sse sse2 ss ht tm pbe syscall nx pdpe1gb rdtscp lm constant_tsc arch_perfmon pebs bts rep_good nopl xtopology nonstop_tsc aperfmperf eagerfpu pni pclmulqdq dtes64 monitor ds_cpl vmx est tm2 ssse3 sdbg fma cx16 xtpr pdcm pcid sse4_1 sse4_2 movbe popcnt tsc_deadline_timer aes xsave avx f16c rdrand lahf_lm abm epb tpr_shadow vnmi flexpriority ept vpid fsgsbase tsc_adjust bmi1 avx2 smep bmi2 erms invpcid xsaveopt dtherm ida arat pln pts
bugs		:
bogomips	: 4788.84
clflush size	: 64
cache_alignment	: 64
address sizes	: 39 bits physical, 48 bits virtual
power management:



Memory: 4k page, physical 8096592k(57964k free), swap 0k(0k free)

vm_info: OpenJDK 64-Bit Server VM (25.77-b03) for linux-amd64 JRE (1.8.0_77-Ubuntu-8u77-b03-3ubuntu4-b03), built on Apr 20 2016 09:55:43 by "buildd" with gcc 5.3.1 20160413

time: Wed May  4 12:59:39 2016
elapsed time: 0 seconds (0d 0h 0m 0s)

